<html>
<head>
<title>pn.com.ua.stories.consult_dictionary.CheckPnFilters</title>
<style type="text/css" media="all">
@import url( "./style/jbehave-core.css" );
</style>
</head>
<body>
<div class="story">
<h1></h1>
<div class="path">pn/com/ua/stories/consult_dictionary/CheckPnFilters.story</div>
<div class="scenario">
<h2>Scenario: Check the filter by price</h2>
<div class="step successful">Given site pn.com.ua opened</div>
<div class="step failed">When I select category <span class="step parameter">'&#1050;&#1086;&#1084;&#1087;&#1100;&#1102;&#1090;&#1077;&#1088;&#1099;'</span> <span class="keyword failed">(FAILED)</span><br/><span class="message failed">org.openqa.selenium.TimeoutException: Timed out after 30 seconds waiting for presence of element located by: By.selector: //a[text()=''&#1050;&#1086;&#1084;&#1087;&#1100;&#1102;&#1090;&#1077;&#1088;&#1099;'']
Build info: version: '2.43.1', revision: '5163bceef1bc36d43f3dc0b83c88998168a363a0', time: '2014-09-10 09:43:55'
System info: host: 'EPUAKHAW0133', ip: '10.23.11.59', os.name: 'Windows 8.1', os.arch: 'amd64', os.version: '6.3', java.version: '1.7.0_79'
Driver info: net.thucydides.core.webdriver.WebDriverFacade</span></div>
<div class="step notPerformed">And I select subcategory <span class="step parameter">'&#1052;&#1086;&#1085;&#1080;&#1090;&#1086;&#1088;&#1099;'</span> <span class="keyword notPerformed">(NOT PERFORMED)</span></div>
<div class="step notPerformed">And I select minimal price <span class="step parameter">'6000'</span> <span class="keyword notPerformed">(NOT PERFORMED)</span></div>
<div class="step notPerformed">And I select maximal price <span class="step parameter">'7000'</span> <span class="keyword notPerformed">(NOT PERFORMED)</span></div>
<div class="step notPerformed">Then search result prices is between '6000' and '7000' <span class="keyword notPerformed">(NOT PERFORMED)</span></div>
<pre class="failure">org.openqa.selenium.TimeoutException: Timed out after 30 seconds waiting for presence of element located by: By.selector: //a[text()=''&#1050;&#1086;&#1084;&#1087;&#1100;&#1102;&#1090;&#1077;&#1088;&#1099;'']
Build info: version: '2.43.1', revision: '5163bceef1bc36d43f3dc0b83c88998168a363a0', time: '2014-09-10 09:43:55'
System info: host: 'EPUAKHAW0133', ip: '10.23.11.59', os.name: 'Windows 8.1', os.arch: 'amd64', os.version: '6.3', java.version: '1.7.0_79'
Driver info: net.thucydides.core.webdriver.WebDriverFacade
	at org.openqa.selenium.support.ui.WebDriverWait.timeoutException(WebDriverWait.java:79)
	at org.openqa.selenium.support.ui.FluentWait.until(FluentWait.java:228)
	at net.thucydides.core.pages.RenderedPageObjectView.waitForPresenceOf(RenderedPageObjectView.java:91)
	at net.thucydides.core.pages.PageObject.waitForRenderedElementsToBePresent(PageObject.java:231)
	at net.thucydides.core.pages.PageObject.waitForPresenceOf(PageObject.java:237)
	at pn.com.ua.pages.PnHomePage.selectCategory(PnHomePage.java:31)
	at pn.com.ua.steps.FiltersSteps.selectCategory(FiltersSteps.java:31)
	at pn.com.ua.steps.FiltersSteps$$EnhancerByCGLIB$$93633bfa.CGLIB$selectCategory$11(&lt;generated&gt;)
	at pn.com.ua.steps.FiltersSteps$$EnhancerByCGLIB$$93633bfa$$FastClassByCGLIB$$96dddcaf.invoke(&lt;generated&gt;)
	at net.sf.cglib.proxy.MethodProxy.invokeSuper(MethodProxy.java:228)
	at net.thucydides.core.steps.StepInterceptor.invokeMethod(StepInterceptor.java:300)
	at net.thucydides.core.steps.StepInterceptor.executeTestStepMethod(StepInterceptor.java:285)
	at net.thucydides.core.steps.StepInterceptor.runTestStep(StepInterceptor.java:261)
	at net.thucydides.core.steps.StepInterceptor.testStepResult(StepInterceptor.java:125)
	at net.thucydides.core.steps.StepInterceptor.intercept(StepInterceptor.java:51)
	at pn.com.ua.steps.FiltersSteps$$EnhancerByCGLIB$$93633bfa.selectCategory(&lt;generated&gt;)
	at pn.com.ua.jbehave.CheckPnFilters.whenISelectSomeCategory(CheckPnFilters.java:24)
	(reflection-invoke)
	at org.jbehave.core.steps.StepCreator$ParametrisedStep.perform(StepCreator.java:595)
	at org.jbehave.core.embedder.StoryRunner$FineSoFar.run(StoryRunner.java:535)
...</pre>
</div>
<div class="scenario">
<h2>Scenario: Check the filter by name of the manufacturer</h2>
<div class="step successful">Given site pn.com.ua opened</div>
<div class="step failed">When I select category <span class="step parameter">'&#1050;&#1086;&#1084;&#1087;&#1100;&#1102;&#1090;&#1077;&#1088;&#1099;'</span> <span class="keyword failed">(FAILED)</span><br/><span class="message failed">org.openqa.selenium.TimeoutException: Timed out after 30 seconds waiting for presence of element located by: By.selector: //a[text()=''&#1050;&#1086;&#1084;&#1087;&#1100;&#1102;&#1090;&#1077;&#1088;&#1099;'']
Build info: version: '2.43.1', revision: '5163bceef1bc36d43f3dc0b83c88998168a363a0', time: '2014-09-10 09:43:55'
System info: host: 'EPUAKHAW0133', ip: '10.23.11.59', os.name: 'Windows 8.1', os.arch: 'amd64', os.version: '6.3', java.version: '1.7.0_79'
Driver info: net.thucydides.core.webdriver.WebDriverFacade</span></div>
<div class="step notPerformed">And I select subcategory <span class="step parameter">'&#1052;&#1086;&#1085;&#1080;&#1090;&#1086;&#1088;&#1099;'</span> <span class="keyword notPerformed">(NOT PERFORMED)</span></div>
<div class="step notPerformed">And I select manufacturer <span class="step parameter">'Acer'</span> <span class="keyword notPerformed">(NOT PERFORMED)</span></div>
<div class="step notPerformed">Then search result amount is equal to number beside manufacturer <span class="keyword notPerformed">(NOT PERFORMED)</span></div>
<div class="step notPerformed">And search result names start with selected manufacturer <span class="step parameter">'Acer'</span> <span class="keyword notPerformed">(NOT PERFORMED)</span></div>
<pre class="failure">org.openqa.selenium.TimeoutException: Timed out after 30 seconds waiting for presence of element located by: By.selector: //a[text()=''&#1050;&#1086;&#1084;&#1087;&#1100;&#1102;&#1090;&#1077;&#1088;&#1099;'']
Build info: version: '2.43.1', revision: '5163bceef1bc36d43f3dc0b83c88998168a363a0', time: '2014-09-10 09:43:55'
System info: host: 'EPUAKHAW0133', ip: '10.23.11.59', os.name: 'Windows 8.1', os.arch: 'amd64', os.version: '6.3', java.version: '1.7.0_79'
Driver info: net.thucydides.core.webdriver.WebDriverFacade
	at org.openqa.selenium.support.ui.WebDriverWait.timeoutException(WebDriverWait.java:79)
	at org.openqa.selenium.support.ui.FluentWait.until(FluentWait.java:228)
	at net.thucydides.core.pages.RenderedPageObjectView.waitForPresenceOf(RenderedPageObjectView.java:91)
	at net.thucydides.core.pages.PageObject.waitForRenderedElementsToBePresent(PageObject.java:231)
	at net.thucydides.core.pages.PageObject.waitForPresenceOf(PageObject.java:237)
	at pn.com.ua.pages.PnHomePage.selectCategory(PnHomePage.java:31)
	at pn.com.ua.steps.FiltersSteps.selectCategory(FiltersSteps.java:31)
	at pn.com.ua.steps.FiltersSteps$$EnhancerByCGLIB$$93633bfa.CGLIB$selectCategory$11(&lt;generated&gt;)
	at pn.com.ua.steps.FiltersSteps$$EnhancerByCGLIB$$93633bfa$$FastClassByCGLIB$$96dddcaf.invoke(&lt;generated&gt;)
	at net.sf.cglib.proxy.MethodProxy.invokeSuper(MethodProxy.java:228)
	at net.thucydides.core.steps.StepInterceptor.invokeMethod(StepInterceptor.java:300)
	at net.thucydides.core.steps.StepInterceptor.executeTestStepMethod(StepInterceptor.java:285)
	at net.thucydides.core.steps.StepInterceptor.runTestStep(StepInterceptor.java:261)
	at net.thucydides.core.steps.StepInterceptor.testStepResult(StepInterceptor.java:125)
	at net.thucydides.core.steps.StepInterceptor.intercept(StepInterceptor.java:51)
	at pn.com.ua.steps.FiltersSteps$$EnhancerByCGLIB$$93633bfa.selectCategory(&lt;generated&gt;)
	at pn.com.ua.jbehave.CheckPnFilters.whenISelectSomeCategory(CheckPnFilters.java:24)
	(reflection-invoke)
	at org.jbehave.core.steps.StepCreator$ParametrisedStep.perform(StepCreator.java:595)
	at org.jbehave.core.embedder.StoryRunner$FineSoFar.run(StoryRunner.java:535)
...</pre>
</div>
<div class="scenario">
<h2>Scenario: Check the product name search</h2>
<div class="step failed">Given site pn.com.ua opened <span class="keyword failed">(FAILED)</span><br/><span class="message failed">org.openqa.selenium.NoSuchWindowException: Unable to get browser (WARNING: The server did not provide any stacktrace information)
Command duration or timeout: 13 milliseconds
Build info: version: '2.46.0', revision: '87c69e2', time: '2015-06-04 16:16:47'
System info: host: 'EPUAKHAW0133', ip: '10.23.11.59', os.name: 'Windows 8.1', os.arch: 'amd64', os.version: '6.3', java.version: '1.8.0_65'
Driver info: org.openqa.selenium.ie.InternetExplorerDriver
Capabilities [{enablePersistentHover=true, ignoreZoomSetting=false, handlesAlerts=true, version=11, platform=WINDOWS, nativeEvents=true, elementScrollBehavior=0, allowAsynchronousJavaScript=false, requireWindowFocus=false, browserName=internet explorer, initialBrowserUrl=, takesScreenshot=true, javascriptEnabled=true, ignoreProtectedModeSettings=false, enableElementCacheCleanup=true, cssSelectorsEnabled=true, unexpectedAlertBehaviour=dismiss}]
Session ID: f173a7ce-f865-43a7-a529-d73b643c2623
Command duration or timeout: 756 milliseconds
Build info: version: '2.43.1', revision: '5163bceef1bc36d43f3dc0b83c88998168a363a0', time: '2014-09-10 09:43:55'
System info: host: 'EPUAKHAW0133', ip: '10.23.11.59', os.name: 'Windows 8.1', os.arch: 'amd64', os.version: '6.3', java.version: '1.7.0_79'
Session ID: 832a1492-8454-4bcf-913a-ecd88de178b4
Driver info: org.openqa.selenium.remote.RemoteWebDriver
Capabilities [{platform=WINDOWS, javascriptEnabled=true, elementScrollBehavior=0, enablePersistentHover=true, ignoreZoomSetting=false, enableElementCacheCleanup=true, browserName=internet explorer, unexpectedAlertBehaviour=dismiss, webdriver.remote.sessionid=832a1492-8454-4bcf-913a-ecd88de178b4, version=11, cssSelectorsEnabled=true, ignoreProtectedModeSettings=false, requireWindowFocus=false, allowAsynchronousJavaScript=false, initialBrowserUrl=, handlesAlerts=true, nativeEvents=true, takesScreenshot=true}]</span></div>
<div class="step notPerformed">When I select category <span class="step parameter">'&#1050;&#1086;&#1084;&#1087;&#1100;&#1102;&#1090;&#1077;&#1088;&#1099;'</span> <span class="keyword notPerformed">(NOT PERFORMED)</span></div>
<div class="step notPerformed">And I select subcategory <span class="step parameter">'&#1052;&#1086;&#1085;&#1080;&#1090;&#1086;&#1088;&#1099;'</span> <span class="keyword notPerformed">(NOT PERFORMED)</span></div>
<div class="step notPerformed">And I sort products by price <span class="keyword notPerformed">(NOT PERFORMED)</span></div>
<div class="step notPerformed">And I choose the first product in result <span class="keyword notPerformed">(NOT PERFORMED)</span></div>
<div class="step notPerformed">And I type product name to search <span class="keyword notPerformed">(NOT PERFORMED)</span></div>
<div class="step notPerformed">Then search result amount equals to 1 <span class="keyword notPerformed">(NOT PERFORMED)</span></div>
<div class="step notPerformed">And search result name is equal to product name <span class="keyword notPerformed">(NOT PERFORMED)</span></div>
<pre class="failure">org.openqa.selenium.NoSuchWindowException: Unable to get browser (WARNING: The server did not provide any stacktrace information)
Command duration or timeout: 13 milliseconds
Build info: version: '2.46.0', revision: '87c69e2', time: '2015-06-04 16:16:47'
System info: host: 'EPUAKHAW0133', ip: '10.23.11.59', os.name: 'Windows 8.1', os.arch: 'amd64', os.version: '6.3', java.version: '1.8.0_65'
Driver info: org.openqa.selenium.ie.InternetExplorerDriver
Capabilities [{enablePersistentHover=true, ignoreZoomSetting=false, handlesAlerts=true, version=11, platform=WINDOWS, nativeEvents=true, elementScrollBehavior=0, allowAsynchronousJavaScript=false, requireWindowFocus=false, browserName=internet explorer, initialBrowserUrl=, takesScreenshot=true, javascriptEnabled=true, ignoreProtectedModeSettings=false, enableElementCacheCleanup=true, cssSelectorsEnabled=true, unexpectedAlertBehaviour=dismiss}]
Session ID: f173a7ce-f865-43a7-a529-d73b643c2623
Command duration or timeout: 756 milliseconds
Build info: version: '2.43.1', revision: '5163bceef1bc36d43f3dc0b83c88998168a363a0', time: '2014-09-10 09:43:55'
System info: host: 'EPUAKHAW0133', ip: '10.23.11.59', os.name: 'Windows 8.1', os.arch: 'amd64', os.version: '6.3', java.version: '1.7.0_79'
Session ID: 832a1492-8454-4bcf-913a-ecd88de178b4
Driver info: org.openqa.selenium.remote.RemoteWebDriver
Capabilities [{platform=WINDOWS, javascriptEnabled=true, elementScrollBehavior=0, enablePersistentHover=true, ignoreZoomSetting=false, enableElementCacheCleanup=true, browserName=internet explorer, unexpectedAlertBehaviour=dismiss, webdriver.remote.sessionid=832a1492-8454-4bcf-913a-ecd88de178b4, version=11, cssSelectorsEnabled=true, ignoreProtectedModeSettings=false, requireWindowFocus=false, allowAsynchronousJavaScript=false, initialBrowserUrl=, handlesAlerts=true, nativeEvents=true, takesScreenshot=true}]
	(reflection-construct)
	at org.openqa.selenium.remote.ErrorHandler.createThrowable(ErrorHandler.java:204)
	at org.openqa.selenium.remote.ErrorHandler.throwIfResponseFailed(ErrorHandler.java:156)
	at org.openqa.selenium.remote.RemoteWebDriver.execute(RemoteWebDriver.java:599)
	at org.openqa.selenium.remote.RemoteWebDriver.get(RemoteWebDriver.java:304)
	(reflection-invoke)
	at org.openqa.selenium.remote.Augmenter$CompoundHandler.intercept(Augmenter.java:191)
	at org.openqa.selenium.remote.RemoteWebDriver$$EnhancerByCGLIB$$c0eb70c0.get(&lt;generated&gt;)
	at net.thucydides.core.webdriver.WebDriverFacade.openIgnoringHtmlUnitScriptErrors(WebDriverFacade.java:123)
	at net.thucydides.core.webdriver.WebDriverFacade.get(WebDriverFacade.java:118)
	at net.thucydides.core.pages.PageObject.openPageAtUrl(PageObject.java:733)
	at net.thucydides.core.pages.PageObject.open(PageObject.java:643)
	at net.thucydides.core.pages.PageObject.open(PageObject.java:631)
	at pn.com.ua.steps.FiltersSteps.openPnHomePage(FiltersSteps.java:26)
	at pn.com.ua.steps.FiltersSteps$$EnhancerByCGLIB$$93633bfa.CGLIB$openPnHomePage$5(&lt;generated&gt;)
	at pn.com.ua.steps.FiltersSteps$$EnhancerByCGLIB$$93633bfa$$FastClassByCGLIB$$96dddcaf.invoke(&lt;generated&gt;)
	at net.sf.cglib.proxy.MethodProxy.invokeSuper(MethodProxy.java:228)
	at net.thucydides.core.steps.StepInterceptor.invokeMethod(StepInterceptor.java:300)
	at net.thucydides.core.steps.StepInterceptor.executeTestStepMethod(StepInterceptor.java:285)
	at net.thucydides.core.steps.StepInterceptor.runTestStep(StepInterceptor.java:261)
	at net.thucydides.core.steps.StepInterceptor.testStepResult(StepInterceptor.java:125)
	at net.thucydides.core.steps.StepInterceptor.intercept(StepInterceptor.java:51)
	at pn.com.ua.steps.FiltersSteps$$EnhancerByCGLIB$$93633bfa.openPnHomePage(&lt;generated&gt;)
	at pn.com.ua.jbehave.CheckPnFilters.givenSitePncomuaOpened(CheckPnFilters.java:19)
	(reflection-invoke)
	at org.jbehave.core.steps.StepCreator$ParametrisedStep.perform(StepCreator.java:595)
	at org.jbehave.core.embedder.StoryRunner$FineSoFar.run(StoryRunner.java:535)
...</pre>
</div>
</div>

</body>
<!--  SyntaxHighlighter resources:  should be included at end of body -->
<link rel="stylesheet" type="text/css" href="./style/sh-3.0.83/shCore.css"/>
<link rel="stylesheet" type="text/css" href="./style/sh-3.0.83/shThemeRDark.css"/>
<script language="javascript" src="./js/sh-3.0.83/shCore.js"></script>
<script language="javascript" src="./js/sh-3.0.83/shBrushBash.js"></script>
<script language="javascript" src="./js/sh-3.0.83/shBrushCss.js"></script>
<script language="javascript" src="./js/sh-3.0.83/shBrushDiff.js"></script>
<script language="javascript" src="./js/sh-3.0.83/shBrushGroovy.js"></script>
<script language="javascript" src="./js/sh-3.0.83/shBrushJava.js"></script>
<script language="javascript" src="./js/sh-3.0.83/shBrushJScript.js"></script>
<script language="javascript" src="./js/sh-3.0.83/shBrushPlain.js"></script>
<script language="javascript" src="./js/sh-3.0.83/shBrushPython.js"></script>
<script language="javascript" src="./js/sh-3.0.83/shBrushRuby.js"></script>
<script language="javascript" src="./js/sh-3.0.83/shBrushScala.js"></script>
<script language="javascript" src="./js/sh-3.0.83/shBrushXml.js"></script>
<script language="javascript" src="./js/shBrushBdd.js"></script>
<script type="text/javascript">
    SyntaxHighlighter.defaults['gutter'] = false;
    SyntaxHighlighter.defaults['toolbar'] = false;    
    SyntaxHighlighter.all();
</script>
</html>
